[debug] [2018-03-20T05:41:31.756Z] ----------------------------------------------------------------------
[debug] [2018-03-20T05:41:31.757Z] Command:       /Users/joyceren/.nvm/versions/node/v9.1.0/bin/node /Users/joyceren/projects/0FF/node_modules/.bin/firebase serve --only functions,hosting
[debug] [2018-03-20T05:41:31.757Z] CLI Version:   3.14.0
[debug] [2018-03-20T05:41:31.757Z] Platform:      darwin
[debug] [2018-03-20T05:41:31.757Z] Node Version:  v9.1.0
[debug] [2018-03-20T05:41:31.758Z] Time:          Mon Mar 19 2018 22:41:31 GMT-0700 (PDT)
[debug] [2018-03-20T05:41:31.758Z] ----------------------------------------------------------------------
[debug] 
[debug] [2018-03-20T05:41:31.766Z] > command requires scopes: ["email","openid","https://www.googleapis.com/auth/cloudplatformprojects.readonly","https://www.googleapis.com/auth/firebase","https://www.googleapis.com/auth/cloud-platform"]
[debug] [2018-03-20T05:41:31.766Z] > authorizing via signed-in user
[debug] [2018-03-20T05:41:31.767Z] >>> HTTP REQUEST GET https://admin.firebase.com/v1/projects/zero-f-for  
 Mon Mar 19 2018 22:41:31 GMT-0700 (PDT)
[debug] [2018-03-20T05:41:32.253Z] <<< HTTP RESPONSE 200
[debug] [2018-03-20T05:41:32.254Z] >>> HTTP REQUEST GET https://admin.firebase.com/v1/database/zero-f-for/tokens  
 Mon Mar 19 2018 22:41:32 GMT-0700 (PDT)
[debug] [2018-03-20T05:41:32.645Z] <<< HTTP RESPONSE 200
[info] 
[info] === Serving from '/Users/joyceren/projects/0FF'...
[info] 
[info] i  functions: Preparing to emulate functions.
[debug] [2018-03-20T05:41:32.889Z] >>> HTTP REQUEST GET https://appengine.googleapis.com/v1/apps/zero-f-for  
 Mon Mar 19 2018 22:41:32 GMT-0700 (PDT)
[debug] [2018-03-20T05:41:32.889Z] >>> HTTP REQUEST GET https://apikeys.googleapis.com/v1/projects/zero-f-for/apiKeys  
 Mon Mar 19 2018 22:41:32 GMT-0700 (PDT)
[debug] [2018-03-20T05:41:32.889Z] >>> HTTP REQUEST GET https://cloudresourcemanager.googleapis.com/v1/projects/zero-f-for  
 Mon Mar 19 2018 22:41:32 GMT-0700 (PDT)
[debug] [2018-03-20T05:41:33.101Z] <<< HTTP RESPONSE 200
[debug] [2018-03-20T05:41:33.101Z] >>> HTTP REQUEST GET https://mobilesdk-pa.googleapis.com/v1/projects/1079584658631/clients/_:getWebAppConfig  
 Mon Mar 19 2018 22:41:33 GMT-0700 (PDT)
[debug] [2018-03-20T05:41:33.206Z] <<< HTTP RESPONSE 200
[debug] [2018-03-20T05:41:33.305Z] <<< HTTP RESPONSE 200
[debug] [2018-03-20T05:41:33.668Z] <<< HTTP RESPONSE 200
[info] i  hosting: Serving hosting files from: public
[info] ✔  hosting: Local server: http://localhost:5000

